{"D:\\Learning\\Udemy_The_Complete_React_Web_Development_course\\boilerplate-v2\\src\\actions\\auth.js": {"path":"D:\\Learning\\Udemy_The_Complete_React_Web_Development_course\\boilerplate-v2\\src\\actions\\auth.js","statementMap":{"0":{"start":{"line":3,"column":21},"end":{"line":6,"column":2}},"1":{"start":{"line":3,"column":31},"end":{"line":6,"column":1}},"2":{"start":{"line":8,"column":26},"end":{"line":12,"column":1}},"3":{"start":{"line":9,"column":2},"end":{"line":11,"column":3}},"4":{"start":{"line":10,"column":4},"end":{"line":10,"column":62}},"5":{"start":{"line":14,"column":22},"end":{"line":16,"column":2}},"6":{"start":{"line":14,"column":29},"end":{"line":16,"column":1}},"7":{"start":{"line":18,"column":27},"end":{"line":22,"column":1}},"8":{"start":{"line":19,"column":2},"end":{"line":21,"column":3}},"9":{"start":{"line":20,"column":4},"end":{"line":20,"column":36}}},"fnMap":{"0":{"name":"(anonymous_0)","decl":{"start":{"line":3,"column":21},"end":{"line":3,"column":22}},"loc":{"start":{"line":3,"column":31},"end":{"line":6,"column":1}},"line":3},"1":{"name":"(anonymous_1)","decl":{"start":{"line":8,"column":26},"end":{"line":8,"column":27}},"loc":{"start":{"line":8,"column":32},"end":{"line":12,"column":1}},"line":8},"2":{"name":"(anonymous_2)","decl":{"start":{"line":9,"column":9},"end":{"line":9,"column":10}},"loc":{"start":{"line":9,"column":15},"end":{"line":11,"column":3}},"line":9},"3":{"name":"(anonymous_3)","decl":{"start":{"line":14,"column":22},"end":{"line":14,"column":23}},"loc":{"start":{"line":14,"column":29},"end":{"line":16,"column":1}},"line":14},"4":{"name":"(anonymous_4)","decl":{"start":{"line":18,"column":27},"end":{"line":18,"column":28}},"loc":{"start":{"line":18,"column":33},"end":{"line":22,"column":1}},"line":18},"5":{"name":"(anonymous_5)","decl":{"start":{"line":19,"column":9},"end":{"line":19,"column":10}},"loc":{"start":{"line":19,"column":15},"end":{"line":21,"column":3}},"line":19}},"branchMap":{},"s":{"0":3,"1":1,"2":3,"3":0,"4":0,"5":3,"6":1,"7":3,"8":0,"9":0},"f":{"0":1,"1":0,"2":0,"3":1,"4":0,"5":0},"b":{},"_coverageSchema":"332fd63041d2c1bcb487cc26dd0d5f7d97098a6c","hash":"659e010b49612abcb1fa001212bed7c7000ffc59"}
,"D:\\Learning\\Udemy_The_Complete_React_Web_Development_course\\boilerplate-v2\\src\\components\\DashboardPage.js": {"path":"D:\\Learning\\Udemy_The_Complete_React_Web_Development_course\\boilerplate-v2\\src\\components\\DashboardPage.js","statementMap":{"0":{"start":{"line":3,"column":22},"end":{"line":7,"column":1}},"1":{"start":{"line":4,"column":2},"end":{"line":6,"column":8}}},"fnMap":{"0":{"name":"(anonymous_0)","decl":{"start":{"line":3,"column":22},"end":{"line":3,"column":23}},"loc":{"start":{"line":4,"column":2},"end":{"line":6,"column":8}},"line":4}},"branchMap":{},"s":{"0":1,"1":1},"f":{"0":1},"b":{},"_coverageSchema":"332fd63041d2c1bcb487cc26dd0d5f7d97098a6c","hash":"48b7272882e8e6363fbc4284a941528787d4c57d"}
,"D:\\Learning\\Udemy_The_Complete_React_Web_Development_course\\boilerplate-v2\\src\\components\\Header.js": {"path":"D:\\Learning\\Udemy_The_Complete_React_Web_Development_course\\boilerplate-v2\\src\\components\\Header.js","statementMap":{"0":{"start":{"line":6,"column":22},"end":{"line":17,"column":1}},"1":{"start":{"line":7,"column":2},"end":{"line":16,"column":11}},"2":{"start":{"line":19,"column":27},"end":{"line":21,"column":2}},"3":{"start":{"line":19,"column":40},"end":{"line":21,"column":1}},"4":{"start":{"line":20,"column":21},"end":{"line":20,"column":44}}},"fnMap":{"0":{"name":"(anonymous_0)","decl":{"start":{"line":6,"column":22},"end":{"line":6,"column":23}},"loc":{"start":{"line":7,"column":2},"end":{"line":16,"column":11}},"line":7},"1":{"name":"(anonymous_1)","decl":{"start":{"line":19,"column":27},"end":{"line":19,"column":28}},"loc":{"start":{"line":19,"column":40},"end":{"line":21,"column":1}},"line":19},"2":{"name":"(anonymous_2)","decl":{"start":{"line":20,"column":15},"end":{"line":20,"column":16}},"loc":{"start":{"line":20,"column":21},"end":{"line":20,"column":44}},"line":20}},"branchMap":{},"s":{"0":1,"1":2,"2":1,"3":0,"4":0},"f":{"0":2,"1":0,"2":0},"b":{},"_coverageSchema":"332fd63041d2c1bcb487cc26dd0d5f7d97098a6c","hash":"6797154cecaf4431c3b76b684a1ec35717fe2f2d"}
,"D:\\Learning\\Udemy_The_Complete_React_Web_Development_course\\boilerplate-v2\\src\\components\\LoadingPage.js": {"path":"D:\\Learning\\Udemy_The_Complete_React_Web_Development_course\\boilerplate-v2\\src\\components\\LoadingPage.js","statementMap":{"0":{"start":{"line":3,"column":20},"end":{"line":9,"column":1}},"1":{"start":{"line":4,"column":2},"end":{"line":8,"column":8}}},"fnMap":{"0":{"name":"(anonymous_0)","decl":{"start":{"line":3,"column":20},"end":{"line":3,"column":21}},"loc":{"start":{"line":4,"column":2},"end":{"line":8,"column":8}},"line":4}},"branchMap":{},"s":{"0":1,"1":1},"f":{"0":1},"b":{},"_coverageSchema":"332fd63041d2c1bcb487cc26dd0d5f7d97098a6c","hash":"369a3d5874f186cfa673ba51bcb70a3259b379ee"}
,"D:\\Learning\\Udemy_The_Complete_React_Web_Development_course\\boilerplate-v2\\src\\components\\LoginPage.js": {"path":"D:\\Learning\\Udemy_The_Complete_React_Web_Development_course\\boilerplate-v2\\src\\components\\LoginPage.js","statementMap":{"0":{"start":{"line":7,"column":4},"end":{"line":16,"column":5}},"1":{"start":{"line":20,"column":27},"end":{"line":22,"column":2}},"2":{"start":{"line":20,"column":42},"end":{"line":22,"column":1}},"3":{"start":{"line":21,"column":20},"end":{"line":21,"column":42}}},"fnMap":{"0":{"name":"(anonymous_0)","decl":{"start":{"line":6,"column":2},"end":{"line":6,"column":3}},"loc":{"start":{"line":6,"column":11},"end":{"line":17,"column":3}},"line":6},"1":{"name":"(anonymous_1)","decl":{"start":{"line":20,"column":27},"end":{"line":20,"column":28}},"loc":{"start":{"line":20,"column":42},"end":{"line":22,"column":1}},"line":20},"2":{"name":"(anonymous_2)","decl":{"start":{"line":21,"column":14},"end":{"line":21,"column":15}},"loc":{"start":{"line":21,"column":20},"end":{"line":21,"column":42}},"line":21}},"branchMap":{},"s":{"0":2,"1":1,"2":0,"3":0},"f":{"0":2,"1":0,"2":0},"b":{},"_coverageSchema":"332fd63041d2c1bcb487cc26dd0d5f7d97098a6c","hash":"acb587612a11ee3eb110f2382f28e50a523344d8"}
,"D:\\Learning\\Udemy_The_Complete_React_Web_Development_course\\boilerplate-v2\\src\\components\\NotFoundPage.js": {"path":"D:\\Learning\\Udemy_The_Complete_React_Web_Development_course\\boilerplate-v2\\src\\components\\NotFoundPage.js","statementMap":{"0":{"start":{"line":4,"column":21},"end":{"line":8,"column":1}},"1":{"start":{"line":5,"column":2},"end":{"line":7,"column":8}}},"fnMap":{"0":{"name":"(anonymous_0)","decl":{"start":{"line":4,"column":21},"end":{"line":4,"column":22}},"loc":{"start":{"line":5,"column":2},"end":{"line":7,"column":8}},"line":5}},"branchMap":{},"s":{"0":1,"1":1},"f":{"0":1},"b":{},"_coverageSchema":"332fd63041d2c1bcb487cc26dd0d5f7d97098a6c","hash":"fd227bae3cae7b58b7e388844e2d691094458b76"}
,"D:\\Learning\\Udemy_The_Complete_React_Web_Development_course\\boilerplate-v2\\src\\firebase\\firebase.js": {"path":"D:\\Learning\\Udemy_The_Complete_React_Web_Development_course\\boilerplate-v2\\src\\firebase\\firebase.js","statementMap":{"0":{"start":{"line":4,"column":15},"end":{"line":11,"column":1}},"1":{"start":{"line":13,"column":0},"end":{"line":13,"column":30}},"2":{"start":{"line":15,"column":11},"end":{"line":15,"column":30}},"3":{"start":{"line":16,"column":27},"end":{"line":16,"column":65}}},"fnMap":{},"branchMap":{},"s":{"0":3,"1":3,"2":3,"3":3},"f":{},"b":{},"_coverageSchema":"332fd63041d2c1bcb487cc26dd0d5f7d97098a6c","hash":"5d0fffc0f59b74b2f0fe8128e75e814dbd1a6834"}
,"D:\\Learning\\Udemy_The_Complete_React_Web_Development_course\\boilerplate-v2\\src\\reducers\\auth.js": {"path":"D:\\Learning\\Udemy_The_Complete_React_Web_Development_course\\boilerplate-v2\\src\\reducers\\auth.js","statementMap":{"0":{"start":{"line":2,"column":2},"end":{"line":11,"column":3}},"1":{"start":{"line":4,"column":6},"end":{"line":6,"column":7}},"2":{"start":{"line":8,"column":6},"end":{"line":8,"column":15}},"3":{"start":{"line":10,"column":6},"end":{"line":10,"column":18}}},"fnMap":{"0":{"name":"(anonymous_0)","decl":{"start":{"line":1,"column":15},"end":{"line":1,"column":16}},"loc":{"start":{"line":1,"column":39},"end":{"line":12,"column":1}},"line":1}},"branchMap":{"0":{"loc":{"start":{"line":1,"column":16},"end":{"line":1,"column":26}},"type":"default-arg","locations":[{"start":{"line":1,"column":24},"end":{"line":1,"column":26}}],"line":1},"1":{"loc":{"start":{"line":2,"column":2},"end":{"line":11,"column":3}},"type":"switch","locations":[{"start":{"line":3,"column":4},"end":{"line":6,"column":7}},{"start":{"line":7,"column":4},"end":{"line":8,"column":15}},{"start":{"line":9,"column":4},"end":{"line":10,"column":18}}],"line":2}},"s":{"0":2,"1":1,"2":1,"3":0},"f":{"0":2},"b":{"0":[0],"1":[1,1,0]},"_coverageSchema":"332fd63041d2c1bcb487cc26dd0d5f7d97098a6c","hash":"eeb687acdf9de076a272d30624f6fa7843680cdb"}
,"D:\\Learning\\Udemy_The_Complete_React_Web_Development_course\\boilerplate-v2\\src\\tests\\setupTests.js": {"path":"D:\\Learning\\Udemy_The_Complete_React_Web_Development_course\\boilerplate-v2\\src\\tests\\setupTests.js","statementMap":{"0":{"start":{"line":5,"column":0},"end":{"line":7,"column":2}},"1":{"start":{"line":9,"column":0},"end":{"line":9,"column":34}}},"fnMap":{},"branchMap":{},"s":{"0":7,"1":7},"f":{},"b":{},"_coverageSchema":"332fd63041d2c1bcb487cc26dd0d5f7d97098a6c","hash":"abb50b43cf4220d87641207aba4c448a52415155"}
}
