TN:
SF:D:\Learning\Udemy_The_Complete_React_Web_Development_course\boilerplate-v2\src\actions\auth.js
FN:3,(anonymous_0)
FN:8,(anonymous_1)
FN:9,(anonymous_2)
FN:14,(anonymous_3)
FN:18,(anonymous_4)
FN:19,(anonymous_5)
FNF:6
FNH:2
FNDA:1,(anonymous_0)
FNDA:0,(anonymous_1)
FNDA:0,(anonymous_2)
FNDA:1,(anonymous_3)
FNDA:0,(anonymous_4)
FNDA:0,(anonymous_5)
DA:3,3
DA:8,3
DA:9,0
DA:10,0
DA:14,3
DA:18,3
DA:19,0
DA:20,0
LF:8
LH:4
BRF:0
BRH:0
end_of_record
TN:
SF:D:\Learning\Udemy_The_Complete_React_Web_Development_course\boilerplate-v2\src\components\DashboardPage.js
FN:3,(anonymous_0)
FNF:1
FNH:1
FNDA:1,(anonymous_0)
DA:3,1
DA:4,1
LF:2
LH:2
BRF:0
BRH:0
end_of_record
TN:
SF:D:\Learning\Udemy_The_Complete_React_Web_Development_course\boilerplate-v2\src\components\Header.js
FN:6,(anonymous_0)
FN:19,(anonymous_1)
FN:20,(anonymous_2)
FNF:3
FNH:1
FNDA:2,(anonymous_0)
FNDA:0,(anonymous_1)
FNDA:0,(anonymous_2)
DA:6,1
DA:7,2
DA:19,1
DA:20,0
LF:4
LH:3
BRF:0
BRH:0
end_of_record
TN:
SF:D:\Learning\Udemy_The_Complete_React_Web_Development_course\boilerplate-v2\src\components\LoadingPage.js
FN:3,(anonymous_0)
FNF:1
FNH:1
FNDA:1,(anonymous_0)
DA:3,1
DA:4,1
LF:2
LH:2
BRF:0
BRH:0
end_of_record
TN:
SF:D:\Learning\Udemy_The_Complete_React_Web_Development_course\boilerplate-v2\src\components\LoginPage.js
FN:6,(anonymous_0)
FN:20,(anonymous_1)
FN:21,(anonymous_2)
FNF:3
FNH:1
FNDA:2,(anonymous_0)
FNDA:0,(anonymous_1)
FNDA:0,(anonymous_2)
DA:7,2
DA:20,1
DA:21,0
LF:3
LH:2
BRF:0
BRH:0
end_of_record
TN:
SF:D:\Learning\Udemy_The_Complete_React_Web_Development_course\boilerplate-v2\src\components\NotFoundPage.js
FN:4,(anonymous_0)
FNF:1
FNH:1
FNDA:1,(anonymous_0)
DA:4,1
DA:5,1
LF:2
LH:2
BRF:0
BRH:0
end_of_record
TN:
SF:D:\Learning\Udemy_The_Complete_React_Web_Development_course\boilerplate-v2\src\firebase\firebase.js
FNF:0
FNH:0
DA:4,3
DA:13,3
DA:15,3
DA:16,3
LF:4
LH:4
BRF:0
BRH:0
end_of_record
TN:
SF:D:\Learning\Udemy_The_Complete_React_Web_Development_course\boilerplate-v2\src\reducers\auth.js
FN:1,(anonymous_0)
FNF:1
FNH:1
FNDA:2,(anonymous_0)
DA:2,2
DA:4,1
DA:8,1
DA:10,0
LF:4
LH:3
BRDA:1,0,0,0
BRDA:2,1,0,1
BRDA:2,1,1,1
BRDA:2,1,2,0
BRF:4
BRH:2
end_of_record
TN:
SF:D:\Learning\Udemy_The_Complete_React_Web_Development_course\boilerplate-v2\src\tests\setupTests.js
FNF:0
FNH:0
DA:5,7
DA:9,7
LF:2
LH:2
BRF:0
BRH:0
end_of_record
